<?xml version="1.0" encoding="UTF-8"?>
<!-- Generated by org.testng.reporters.JUnitReportReporter -->
<testsuite hostname="Sweety" failures="0" tests="1" name="com.TestNG.ActionDemoEx" time="38.211" errors="0" timestamp="2023-09-06T16:39:04 IST" skipped="0">
  <testcase classname="com.TestNG.ActionDemoEx" name="ActionEx" time="38.211"/>
  <system-out/>
</testsuite> <!-- com.TestNG.ActionDemoEx -->
